c:\deep-sparse-autoencoder\vs2012\deep\release\deep_sparse_autoencoder.obj
c:\deep-sparse-autoencoder\vs2012\deep\release\vc110.pdb
c:\deep-sparse-autoencoder\vs2012\release\deep sparse autoencoder.exe
c:\deep-sparse-autoencoder\vs2012\release\deep sparse autoencoder.pdb
\\magnus-think\ieee2015_old\実験\dsaeonecore\deep\release\deep_sparse_autoencoder.obj
\\magnus-think\ieee2015_old\実験\dsaeonecore\deep\release\vc120.pdb
\\magnus-think\ieee2015_old\実験\dsaeonecore\release\deep sparse autoencoder.exe
\\magnus-think\ieee2015_old\実験\dsaeonecore\release\deep sparse autoencoder.pdb
c:\deep-sparse-autoencoder\vs2012\deep\release\cl.command.1.tlog
c:\deep-sparse-autoencoder\vs2012\deep\release\cl.read.1.tlog
c:\deep-sparse-autoencoder\vs2012\deep\release\cl.write.1.tlog
c:\deep-sparse-autoencoder\vs2012\deep\release\deep sparse autoencoder.write.1.tlog
c:\deep-sparse-autoencoder\vs2012\deep\release\link-cvtres.read.1.tlog
c:\deep-sparse-autoencoder\vs2012\deep\release\link-cvtres.write.1.tlog
c:\deep-sparse-autoencoder\vs2012\deep\release\link-rc.read.1.tlog
c:\deep-sparse-autoencoder\vs2012\deep\release\link-rc.write.1.tlog
c:\deep-sparse-autoencoder\vs2012\deep\release\link.command.1.tlog
c:\deep-sparse-autoencoder\vs2012\deep\release\link.read.1.tlog
c:\deep-sparse-autoencoder\vs2012\deep\release\link.write.1.tlog
c:\deep-sparse-autoencoder\vs2012\deep\release\mt.command.1.tlog
c:\deep-sparse-autoencoder\vs2012\deep\release\mt.read.1.tlog
c:\deep-sparse-autoencoder\vs2012\deep\release\mt.write.1.tlog
c:\deep-sparse-autoencoder\vs2012\deep\release\deep sparse autoencoder.exe.intermediate.manifest
c:\deep-sparse-autoencoder\vs2012\deep\release\deep spa.99c95537.tlog\cl.command.1.tlog
c:\deep-sparse-autoencoder\vs2012\deep\release\deep spa.99c95537.tlog\cl.read.1.tlog
c:\deep-sparse-autoencoder\vs2012\deep\release\deep spa.99c95537.tlog\cl.write.1.tlog
c:\deep-sparse-autoencoder\vs2012\deep\release\deep spa.99c95537.tlog\link.command.1.tlog
c:\deep-sparse-autoencoder\vs2012\deep\release\deep spa.99c95537.tlog\link.read.1.tlog
c:\deep-sparse-autoencoder\vs2012\deep\release\deep spa.99c95537.tlog\link.write.1.tlog
